0 info it worked if it ends with ok
1 verbose cli [ '/usr/local/bin/node',
1 verbose cli   '/usr/local/bin/npm',
1 verbose cli   'install',
1 verbose cli   '--save',
1 verbose cli   'handlebars' ]
2 info using npm@3.3.12
3 info using node@v4.2.3
4 silly loadCurrentTree Starting
5 silly install loadCurrentTree
6 silly install readLocalPackageData
7 silly fetchPackageMetaData handlebars
8 silly fetchNamedPackageData handlebars
9 silly mapToRegistry name handlebars
10 silly mapToRegistry using default registry
11 silly mapToRegistry registry https://registry.npmjs.org/
12 silly mapToRegistry uri https://registry.npmjs.org/handlebars
13 verbose request uri https://registry.npmjs.org/handlebars
14 verbose request no auth needed
15 info attempt registry request try #1 at 5:01:59 PM
16 verbose request id a6bc223a8c6b6307
17 verbose etag "CYIU9HARZPZMRQ7JH1VKVWQP8"
18 http request GET https://registry.npmjs.org/handlebars
19 http 200 https://registry.npmjs.org/handlebars
20 verbose headers { server: 'CouchDB/1.5.0 (Erlang OTP/R16B03)',
20 verbose headers   etag: '"B389P41Y1D0P6M30MI6N90MBM"',
20 verbose headers   'content-type': 'application/json',
20 verbose headers   'cache-control': 'max-age=300',
20 verbose headers   'content-length': '61481',
20 verbose headers   'accept-ranges': 'bytes',
20 verbose headers   date: 'Wed, 10 Feb 2016 22:01:59 GMT',
20 verbose headers   via: '1.1 varnish',
20 verbose headers   age: '286',
20 verbose headers   connection: 'keep-alive',
20 verbose headers   'x-served-by': 'cache-iad2138-IAD',
20 verbose headers   'x-cache': 'HIT',
20 verbose headers   'x-cache-hits': '6',
20 verbose headers   'x-timer': 'S1455141719.997627,VS0,VE0',
20 verbose headers   vary: 'Accept' }
21 silly get cb [ 200,
21 silly get   { server: 'CouchDB/1.5.0 (Erlang OTP/R16B03)',
21 silly get     etag: '"B389P41Y1D0P6M30MI6N90MBM"',
21 silly get     'content-type': 'application/json',
21 silly get     'cache-control': 'max-age=300',
21 silly get     'content-length': '61481',
21 silly get     'accept-ranges': 'bytes',
21 silly get     date: 'Wed, 10 Feb 2016 22:01:59 GMT',
21 silly get     via: '1.1 varnish',
21 silly get     age: '286',
21 silly get     connection: 'keep-alive',
21 silly get     'x-served-by': 'cache-iad2138-IAD',
21 silly get     'x-cache': 'HIT',
21 silly get     'x-cache-hits': '6',
21 silly get     'x-timer': 'S1455141719.997627,VS0,VE0',
21 silly get     vary: 'Accept' } ]
22 verbose get saving handlebars to /Users/RbyWoo/.npm/registry.npmjs.org/handlebars/.cache.json
23 silly install normalizeTree
24 silly loadCurrentTree Finishing
25 silly loadIdealTree Starting
26 silly install loadIdealTree
27 silly cloneCurrentTree Starting
28 silly install cloneCurrentTreeToIdealTree
29 silly cloneCurrentTree Finishing
30 silly loadShrinkwrap Starting
31 silly install loadShrinkwrap
32 silly loadShrinkwrap Finishing
33 silly loadAllDepsIntoIdealTree Starting
34 silly install loadAllDepsIntoIdealTree
35 silly resolveWithNewModule handlebars@4.0.5 checking installable status
36 silly cache add args [ 'handlebars', null ]
37 verbose cache add spec handlebars
38 silly cache add parsed spec Result {
38 silly cache add   raw: 'handlebars',
38 silly cache add   scope: null,
38 silly cache add   name: 'handlebars',
38 silly cache add   rawSpec: '',
38 silly cache add   spec: '*',
38 silly cache add   type: 'range' }
39 silly addNamed handlebars@*
40 verbose addNamed "*" is a valid semver range for handlebars
41 silly addNameRange { name: 'handlebars', range: '*', hasData: false }
42 silly mapToRegistry name handlebars
43 silly mapToRegistry using default registry
44 silly mapToRegistry registry https://registry.npmjs.org/
45 silly mapToRegistry uri https://registry.npmjs.org/handlebars
46 verbose addNameRange registry:https://registry.npmjs.org/handlebars not in flight; fetching
47 verbose get https://registry.npmjs.org/handlebars not expired, no request
48 silly addNameRange number 2 { name: 'handlebars', range: '*', hasData: true }
49 silly addNameRange versions [ 'handlebars',
49 silly addNameRange   [ '1.0.6',
49 silly addNameRange     '1.0.6-2',
49 silly addNameRange     '1.0.7',
49 silly addNameRange     '1.0.8',
49 silly addNameRange     '1.0.9',
49 silly addNameRange     '1.0.10',
49 silly addNameRange     '1.0.11',
49 silly addNameRange     '1.0.12',
49 silly addNameRange     '1.1.0',
49 silly addNameRange     '1.1.1',
49 silly addNameRange     '1.1.2',
49 silly addNameRange     '1.2.0',
49 silly addNameRange     '1.2.1',
49 silly addNameRange     '1.3.0',
49 silly addNameRange     '2.0.0-alpha.1',
49 silly addNameRange     '2.0.0-alpha.2',
49 silly addNameRange     '2.0.0-alpha.3',
49 silly addNameRange     '2.0.0-alpha.4',
49 silly addNameRange     '2.0.0-beta.1',
49 silly addNameRange     '2.0.0',
49 silly addNameRange     '3.0.0',
49 silly addNameRange     '3.0.1',
49 silly addNameRange     '3.0.2',
49 silly addNameRange     '3.0.3',
49 silly addNameRange     '4.0.0',
49 silly addNameRange     '4.0.1',
49 silly addNameRange     '4.0.2',
49 silly addNameRange     '4.0.3',
49 silly addNameRange     '4.0.4',
49 silly addNameRange     '4.0.5',
49 silly addNameRange     '1.0.2-beta',
49 silly addNameRange     '1.0.4-beta',
49 silly addNameRange     '1.0.5-beta' ] ]
50 silly addNamed handlebars@4.0.5
51 verbose addNamed "4.0.5" is a plain semver version for handlebars
52 silly mapToRegistry name handlebars
53 silly mapToRegistry using default registry
54 silly mapToRegistry registry https://registry.npmjs.org/
55 silly mapToRegistry uri https://registry.npmjs.org/handlebars
56 verbose addRemoteTarball https://registry.npmjs.org/handlebars/-/handlebars-4.0.5.tgz not in flight; adding
57 verbose addRemoteTarball [ 'https://registry.npmjs.org/handlebars/-/handlebars-4.0.5.tgz',
57 verbose addRemoteTarball   '92c6ed6bb164110c50d4d8d0fbddc70806c6f8e7' ]
58 info retry fetch attempt 1 at 5:02:00 PM
59 info attempt registry request try #1 at 5:02:00 PM
60 http fetch GET https://registry.npmjs.org/handlebars/-/handlebars-4.0.5.tgz
61 http fetch 200 https://registry.npmjs.org/handlebars/-/handlebars-4.0.5.tgz
62 silly fetchAndShaCheck shasum 92c6ed6bb164110c50d4d8d0fbddc70806c6f8e7
63 verbose addTmpTarball /var/folders/2c/90j2z81j48qf05p9z27z0d380000gn/T/npm-4289-430edc1b/registry.npmjs.org/handlebars/-/handlebars-4.0.5.tgz not in flight; adding
64 verbose addTmpTarball already have metadata; skipping unpack for handlebars@4.0.5
65 silly rollbackFailedOptional Starting
66 silly rollbackFailedOptional Finishing
67 silly runTopLevelLifecycles Starting
68 silly runTopLevelLifecycles Finishing
69 silly install printInstalled
70 verbose stack Error: EACCES: permission denied, mkdir '/Users/RbyWoo/.npm/handlebars/4.0.5'
70 verbose stack     at Error (native)
71 verbose cwd /Users/RbyWoo/Code/js_course/single_page_app/public
72 error Darwin 15.3.0
73 error argv "/usr/local/bin/node" "/usr/local/bin/npm" "install" "--save" "handlebars"
74 error node v4.2.3
75 error npm  v3.3.12
76 error path /Users/RbyWoo/.npm/handlebars/4.0.5
77 error code EACCES
78 error errno -13
79 error syscall mkdir
80 error Error: EACCES: permission denied, mkdir '/Users/RbyWoo/.npm/handlebars/4.0.5'
80 error     at Error (native)
80 error  { [Error: EACCES: permission denied, mkdir '/Users/RbyWoo/.npm/handlebars/4.0.5']
80 error   errno: -13,
80 error   code: 'EACCES',
80 error   syscall: 'mkdir',
80 error   path: '/Users/RbyWoo/.npm/handlebars/4.0.5',
80 error   parent: 'rendering_data_with_ajax' }
81 error Please try running this command again as root/Administrator.
82 verbose exit [ -13, true ]
