0 info it worked if it ends with ok
1 verbose cli [ '/usr/local/bin/node',
1 verbose cli   '/usr/local/bin/npm',
1 verbose cli   'install',
1 verbose cli   '-g',
1 verbose cli   'coffee-script' ]
2 info using npm@3.3.12
3 info using node@v4.2.3
4 silly loadCurrentTree Starting
5 silly install loadCurrentTree
6 silly install readGlobalPackageData
7 silly fetchPackageMetaData coffee-script
8 silly fetchNamedPackageData coffee-script
9 silly mapToRegistry name coffee-script
10 silly mapToRegistry using default registry
11 silly mapToRegistry registry https://registry.npmjs.org/
12 silly mapToRegistry uri https://registry.npmjs.org/coffee-script
13 verbose request uri https://registry.npmjs.org/coffee-script
14 verbose request no auth needed
15 info attempt registry request try #1 at 4:24:36 PM
16 verbose request id 5970882e14580fef
17 verbose etag "DDXMOLHNZ5PB5J4S9FJGFOWG7"
18 http request GET https://registry.npmjs.org/coffee-script
19 http 200 https://registry.npmjs.org/coffee-script
20 verbose headers { server: 'CouchDB/1.5.0 (Erlang OTP/R16B03)',
20 verbose headers   etag: '"4Q0U2C5M4E2OOUIU16ZV1V735"',
20 verbose headers   'content-type': 'application/json',
20 verbose headers   'cache-control': 'max-age=300',
20 verbose headers   'content-length': '41653',
20 verbose headers   'accept-ranges': 'bytes',
20 verbose headers   date: 'Wed, 02 Mar 2016 21:24:36 GMT',
20 verbose headers   via: '1.1 varnish',
20 verbose headers   age: '198',
20 verbose headers   connection: 'keep-alive',
20 verbose headers   'x-served-by': 'cache-jfk1031-JFK',
20 verbose headers   'x-cache': 'HIT',
20 verbose headers   'x-cache-hits': '5',
20 verbose headers   'x-timer': 'S1456953876.696515,VS0,VE0',
20 verbose headers   vary: 'Accept' }
21 silly get cb [ 200,
21 silly get   { server: 'CouchDB/1.5.0 (Erlang OTP/R16B03)',
21 silly get     etag: '"4Q0U2C5M4E2OOUIU16ZV1V735"',
21 silly get     'content-type': 'application/json',
21 silly get     'cache-control': 'max-age=300',
21 silly get     'content-length': '41653',
21 silly get     'accept-ranges': 'bytes',
21 silly get     date: 'Wed, 02 Mar 2016 21:24:36 GMT',
21 silly get     via: '1.1 varnish',
21 silly get     age: '198',
21 silly get     connection: 'keep-alive',
21 silly get     'x-served-by': 'cache-jfk1031-JFK',
21 silly get     'x-cache': 'HIT',
21 silly get     'x-cache-hits': '5',
21 silly get     'x-timer': 'S1456953876.696515,VS0,VE0',
21 silly get     vary: 'Accept' } ]
22 verbose get saving coffee-script to /Users/RbyWoo/.npm/registry.npmjs.org/coffee-script/.cache.json
23 silly install normalizeTree
24 silly loadCurrentTree Finishing
25 silly loadIdealTree Starting
26 silly install loadIdealTree
27 silly cloneCurrentTree Starting
28 silly install cloneCurrentTreeToIdealTree
29 silly cloneCurrentTree Finishing
30 silly loadShrinkwrap Starting
31 silly install loadShrinkwrap
32 silly loadShrinkwrap Finishing
33 silly loadAllDepsIntoIdealTree Starting
34 silly install loadAllDepsIntoIdealTree
35 silly resolveWithNewModule coffee-script@1.10.0 checking installable status
36 silly cache add args [ 'coffee-script', null ]
37 verbose cache add spec coffee-script
38 silly cache add parsed spec Result {
38 silly cache add   raw: 'coffee-script',
38 silly cache add   scope: null,
38 silly cache add   name: 'coffee-script',
38 silly cache add   rawSpec: '',
38 silly cache add   spec: '*',
38 silly cache add   type: 'range' }
39 silly addNamed coffee-script@*
40 verbose addNamed "*" is a valid semver range for coffee-script
41 silly addNameRange { name: 'coffee-script', range: '*', hasData: false }
42 silly mapToRegistry name coffee-script
43 silly mapToRegistry using default registry
44 silly mapToRegistry registry https://registry.npmjs.org/
45 silly mapToRegistry uri https://registry.npmjs.org/coffee-script
46 verbose addNameRange registry:https://registry.npmjs.org/coffee-script not in flight; fetching
47 verbose get https://registry.npmjs.org/coffee-script not expired, no request
48 silly addNameRange number 2 { name: 'coffee-script', range: '*', hasData: true }
49 silly addNameRange versions [ 'coffee-script',
49 silly addNameRange   [ '0.7.0',
49 silly addNameRange     '0.7.1',
49 silly addNameRange     '0.7.2',
49 silly addNameRange     '0.9.0',
49 silly addNameRange     '0.9.1',
49 silly addNameRange     '0.9.2',
49 silly addNameRange     '0.9.3',
49 silly addNameRange     '0.9.4',
49 silly addNameRange     '0.9.5',
49 silly addNameRange     '0.9.6',
49 silly addNameRange     '1.0.0',
49 silly addNameRange     '1.0.1',
49 silly addNameRange     '1.1.0',
49 silly addNameRange     '1.1.1',
49 silly addNameRange     '1.1.2',
49 silly addNameRange     '1.1.3',
49 silly addNameRange     '1.2.0',
49 silly addNameRange     '1.3.0',
49 silly addNameRange     '1.3.1',
49 silly addNameRange     '1.3.2',
49 silly addNameRange     '1.3.3',
49 silly addNameRange     '1.4.0',
49 silly addNameRange     '1.5.0',
49 silly addNameRange     '1.6.0',
49 silly addNameRange     '1.6.1',
49 silly addNameRange     '1.6.2',
49 silly addNameRange     '1.6.3',
49 silly addNameRange     '1.7.0',
49 silly addNameRange     '1.7.1',
49 silly addNameRange     '1.8.0',
49 silly addNameRange     '1.9.0',
49 silly addNameRange     '1.9.1',
49 silly addNameRange     '1.9.2',
49 silly addNameRange     '1.9.3',
49 silly addNameRange     '1.10.0' ] ]
50 silly addNamed coffee-script@1.10.0
51 verbose addNamed "1.10.0" is a plain semver version for coffee-script
52 silly mapToRegistry name coffee-script
53 silly mapToRegistry using default registry
54 silly mapToRegistry registry https://registry.npmjs.org/
55 silly mapToRegistry uri https://registry.npmjs.org/coffee-script
56 verbose addRemoteTarball https://registry.npmjs.org/coffee-script/-/coffee-script-1.10.0.tgz not in flight; adding
57 verbose addRemoteTarball [ 'https://registry.npmjs.org/coffee-script/-/coffee-script-1.10.0.tgz',
57 verbose addRemoteTarball   '12938bcf9be1948fa006f92e0c4c9e81705108c0' ]
58 info retry fetch attempt 1 at 4:24:36 PM
59 info attempt registry request try #1 at 4:24:36 PM
60 http fetch GET https://registry.npmjs.org/coffee-script/-/coffee-script-1.10.0.tgz
61 http fetch 200 https://registry.npmjs.org/coffee-script/-/coffee-script-1.10.0.tgz
62 silly fetchAndShaCheck shasum 12938bcf9be1948fa006f92e0c4c9e81705108c0
63 verbose addTmpTarball /var/folders/2c/90j2z81j48qf05p9z27z0d380000gn/T/npm-77139-97837e43/registry.npmjs.org/coffee-script/-/coffee-script-1.10.0.tgz not in flight; adding
64 verbose addTmpTarball already have metadata; skipping unpack for coffee-script@1.10.0
65 silly rollbackFailedOptional Starting
66 silly rollbackFailedOptional Finishing
67 silly runTopLevelLifecycles Starting
68 silly runTopLevelLifecycles Finishing
69 silly install printInstalled
70 verbose stack Error: EACCES: permission denied, mkdir '/Users/RbyWoo/.npm/coffee-script/1.10.0'
70 verbose stack     at Error (native)
71 verbose cwd /Users/RbyWoo/Code/js_course/todo_app
72 error Darwin 15.3.0
73 error argv "/usr/local/bin/node" "/usr/local/bin/npm" "install" "-g" "coffee-script"
74 error node v4.2.3
75 error npm  v3.3.12
76 error path /Users/RbyWoo/.npm/coffee-script/1.10.0
77 error code EACCES
78 error errno -13
79 error syscall mkdir
80 error Error: EACCES: permission denied, mkdir '/Users/RbyWoo/.npm/coffee-script/1.10.0'
80 error     at Error (native)
80 error  { [Error: EACCES: permission denied, mkdir '/Users/RbyWoo/.npm/coffee-script/1.10.0']
80 error   errno: -13,
80 error   code: 'EACCES',
80 error   syscall: 'mkdir',
80 error   path: '/Users/RbyWoo/.npm/coffee-script/1.10.0' }
81 error Please try running this command again as root/Administrator.
82 verbose exit [ -13, true ]
